Command: /home/hedu32/0515_uvm_adder/./simv +UVM_TESTNAME=test -l simv.log
Chronologic VCS simulator copyright 1991-2024
Contains Synopsys proprietary information.
Compiler version W-2024.09-SP1_Full64; Runtime version W-2024.09-SP1_Full64;  May 16 09:44 2025
UVM_INFO /tools/synopsys/vcs/W-2024.09-SP1/etc/uvm-1.2/base/uvm_root.svh(402) @ 0: reporter [UVM/RELNOTES] 
----------------------------------------------------------------
UVM-1.2.Synopsys
(C) 2007-2014 Mentor Graphics Corporation
(C) 2007-2014 Cadence Design Systems, Inc.
(C) 2006-2014 Synopsys, Inc.
(C) 2011-2013 Cypress Semiconductor Corp.
(C) 2013-2014 NVIDIA Corporation
----------------------------------------------------------------

  ***********       IMPORTANT RELEASE NOTES         ************

  You are using a version of the UVM library that has been compiled
  with `UVM_NO_DEPRECATED undefined.
  See http://www.eda.org/svdb/view.php?id=3313 for more details.

  You are using a version of the UVM library that has been compiled
  with `UVM_OBJECT_DO_NOT_NEED_CONSTRUCTOR undefined.
  See http://www.eda.org/svdb/view.php?id=3770 for more details.

      (Specify +UVM_NO_RELNOTES to turn off this notice)

UVM_INFO @ 0: reporter [RNTST] Running test test...
UVM_INFO /tools/synopsys/vcs/W-2024.09-SP1/etc/uvm-1.2/base/uvm_root.svh(589) @ 0: reporter [UVMTOP] UVM testbench topology:
--------------------------------------------------------------
Name                       Type                    Size  Value
--------------------------------------------------------------
uvm_test_top               test                    -     @341 
  ENV                      adder_envirnment        -     @360 
    AGT                    adder_agent             -     @388 
      DRV                  adder_driver            -     @417 
        rsp_port           uvm_analysis_port       -     @436 
        seq_item_port      uvm_seq_item_pull_port  -     @426 
      MON                  adder_monitor           -     @398 
        WRITE              uvm_analysis_port       -     @407 
      SQR                  uvm_sequencer           -     @446 
        rsp_export         uvm_analysis_export     -     @455 
        seq_item_export    uvm_seq_item_pull_imp   -     @573 
        arbitration_queue  array                   0     -    
        lock_queue         array                   0     -    
        num_last_reqs      integral                32    'd1  
        num_last_rsps      integral                32    'd1  
    SCO                    adder_scoreboard        -     @369 
      READ                 uvm_analysis_imp        -     @378 
--------------------------------------------------------------


UVM_INFO ./tb/tb_adder.sv(45) @ 0: uvm_test_top.ENV.AGT.SQR@@SEQ [SEQ] adder item to driver a:177, b:229
UVM_INFO ./tb/tb_adder.sv(84) @ 5: uvm_test_top.ENV.AGT.DRV [DRV] Drive DUT a: 177, b: 229
UVM_INFO ./tb/tb_adder.sv(124) @ 6: uvm_test_top.ENV.AGT.MON [MON] sampled a: 177, b: 229, y: 406
UVM_INFO ./tb/tb_adder.sv(159) @ 6: uvm_test_top.ENV.SCO [SCO] Received a: 177, b:229, y:406
UVM_INFO ./tb/tb_adder.sv(165) @ 6: uvm_test_top.ENV.SCO [SCO] *** TEST PASSED ***

UVM_INFO ./tb/tb_adder.sv(45) @ 6: uvm_test_top.ENV.AGT.SQR@@SEQ [SEQ] adder item to driver a:238, b:140
UVM_INFO ./tb/tb_adder.sv(84) @ 15: uvm_test_top.ENV.AGT.DRV [DRV] Drive DUT a: 238, b: 140
UVM_INFO ./tb/tb_adder.sv(124) @ 16: uvm_test_top.ENV.AGT.MON [MON] sampled a: 238, b: 140, y: 378
UVM_INFO ./tb/tb_adder.sv(159) @ 16: uvm_test_top.ENV.SCO [SCO] Received a: 238, b:140, y:378
UVM_INFO ./tb/tb_adder.sv(165) @ 16: uvm_test_top.ENV.SCO [SCO] *** TEST PASSED ***

UVM_INFO ./tb/tb_adder.sv(45) @ 16: uvm_test_top.ENV.AGT.SQR@@SEQ [SEQ] adder item to driver a:240, b:31
UVM_INFO ./tb/tb_adder.sv(84) @ 25: uvm_test_top.ENV.AGT.DRV [DRV] Drive DUT a: 240, b: 31
UVM_INFO ./tb/tb_adder.sv(124) @ 26: uvm_test_top.ENV.AGT.MON [MON] sampled a: 240, b: 31, y: 271
UVM_INFO ./tb/tb_adder.sv(159) @ 26: uvm_test_top.ENV.SCO [SCO] Received a: 240, b:31, y:271
UVM_INFO ./tb/tb_adder.sv(165) @ 26: uvm_test_top.ENV.SCO [SCO] *** TEST PASSED ***

UVM_INFO ./tb/tb_adder.sv(45) @ 26: uvm_test_top.ENV.AGT.SQR@@SEQ [SEQ] adder item to driver a:85, b:9
UVM_INFO ./tb/tb_adder.sv(84) @ 35: uvm_test_top.ENV.AGT.DRV [DRV] Drive DUT a: 85, b: 9
UVM_INFO ./tb/tb_adder.sv(124) @ 36: uvm_test_top.ENV.AGT.MON [MON] sampled a: 85, b: 9, y: 94
UVM_INFO ./tb/tb_adder.sv(159) @ 36: uvm_test_top.ENV.SCO [SCO] Received a: 85, b:9, y:94
UVM_INFO ./tb/tb_adder.sv(165) @ 36: uvm_test_top.ENV.SCO [SCO] *** TEST PASSED ***

UVM_INFO ./tb/tb_adder.sv(45) @ 36: uvm_test_top.ENV.AGT.SQR@@SEQ [SEQ] adder item to driver a:81, b:106
UVM_INFO ./tb/tb_adder.sv(84) @ 45: uvm_test_top.ENV.AGT.DRV [DRV] Drive DUT a: 81, b: 106
UVM_INFO ./tb/tb_adder.sv(124) @ 46: uvm_test_top.ENV.AGT.MON [MON] sampled a: 81, b: 106, y: 187
UVM_INFO ./tb/tb_adder.sv(159) @ 46: uvm_test_top.ENV.SCO [SCO] Received a: 81, b:106, y:187
UVM_INFO ./tb/tb_adder.sv(165) @ 46: uvm_test_top.ENV.SCO [SCO] *** TEST PASSED ***

UVM_INFO ./tb/tb_adder.sv(45) @ 46: uvm_test_top.ENV.AGT.SQR@@SEQ [SEQ] adder item to driver a:67, b:215
UVM_INFO ./tb/tb_adder.sv(84) @ 55: uvm_test_top.ENV.AGT.DRV [DRV] Drive DUT a: 67, b: 215
UVM_INFO ./tb/tb_adder.sv(124) @ 56: uvm_test_top.ENV.AGT.MON [MON] sampled a: 67, b: 215, y: 282
UVM_INFO ./tb/tb_adder.sv(159) @ 56: uvm_test_top.ENV.SCO [SCO] Received a: 67, b:215, y:282
UVM_INFO ./tb/tb_adder.sv(165) @ 56: uvm_test_top.ENV.SCO [SCO] *** TEST PASSED ***

UVM_INFO ./tb/tb_adder.sv(45) @ 56: uvm_test_top.ENV.AGT.SQR@@SEQ [SEQ] adder item to driver a:59, b:177
UVM_INFO ./tb/tb_adder.sv(84) @ 65: uvm_test_top.ENV.AGT.DRV [DRV] Drive DUT a: 59, b: 177
UVM_INFO ./tb/tb_adder.sv(124) @ 66: uvm_test_top.ENV.AGT.MON [MON] sampled a: 59, b: 177, y: 236
UVM_INFO ./tb/tb_adder.sv(159) @ 66: uvm_test_top.ENV.SCO [SCO] Received a: 59, b:177, y:236
UVM_INFO ./tb/tb_adder.sv(165) @ 66: uvm_test_top.ENV.SCO [SCO] *** TEST PASSED ***

UVM_INFO ./tb/tb_adder.sv(45) @ 66: uvm_test_top.ENV.AGT.SQR@@SEQ [SEQ] adder item to driver a:209, b:22
UVM_INFO ./tb/tb_adder.sv(84) @ 75: uvm_test_top.ENV.AGT.DRV [DRV] Drive DUT a: 209, b: 22
UVM_INFO ./tb/tb_adder.sv(124) @ 76: uvm_test_top.ENV.AGT.MON [MON] sampled a: 209, b: 22, y: 231
UVM_INFO ./tb/tb_adder.sv(159) @ 76: uvm_test_top.ENV.SCO [SCO] Received a: 209, b:22, y:231
UVM_INFO ./tb/tb_adder.sv(165) @ 76: uvm_test_top.ENV.SCO [SCO] *** TEST PASSED ***

UVM_INFO ./tb/tb_adder.sv(45) @ 76: uvm_test_top.ENV.AGT.SQR@@SEQ [SEQ] adder item to driver a:198, b:91
UVM_INFO ./tb/tb_adder.sv(84) @ 85: uvm_test_top.ENV.AGT.DRV [DRV] Drive DUT a: 198, b: 91
UVM_INFO ./tb/tb_adder.sv(124) @ 86: uvm_test_top.ENV.AGT.MON [MON] sampled a: 198, b: 91, y: 289
UVM_INFO ./tb/tb_adder.sv(159) @ 86: uvm_test_top.ENV.SCO [SCO] Received a: 198, b:91, y:289
UVM_INFO ./tb/tb_adder.sv(165) @ 86: uvm_test_top.ENV.SCO [SCO] *** TEST PASSED ***

UVM_INFO ./tb/tb_adder.sv(45) @ 86: uvm_test_top.ENV.AGT.SQR@@SEQ [SEQ] adder item to driver a:138, b:204
UVM_INFO ./tb/tb_adder.sv(84) @ 95: uvm_test_top.ENV.AGT.DRV [DRV] Drive DUT a: 138, b: 204
UVM_INFO ./tb/tb_adder.sv(124) @ 96: uvm_test_top.ENV.AGT.MON [MON] sampled a: 138, b: 204, y: 342
UVM_INFO ./tb/tb_adder.sv(159) @ 96: uvm_test_top.ENV.SCO [SCO] Received a: 138, b:204, y:342
UVM_INFO ./tb/tb_adder.sv(165) @ 96: uvm_test_top.ENV.SCO [SCO] *** TEST PASSED ***
UVM_INFO /tools/synopsys/vcs/W-2024.09-SP1/etc/uvm-1.2/base/uvm_objection.svh(1276) @ 96: reporter [TEST_DONE] 'run' phase is ready to proceed to the 'extract' phase
UVM_INFO /tools/synopsys/vcs/W-2024.09-SP1/etc/uvm-1.2/base/uvm_report_server.svh(904) @ 96: reporter [UVM/REPORT/SERVER] 
--- UVM Report Summary ---

** Report counts by severity
UVM_INFO :   54
UVM_WARNING :    0
UVM_ERROR :    0
UVM_FATAL :    0
** Report counts by id
[DRV]    10
[MON]    10
[RNTST]     1
[SCO]    20
[SEQ]    10
[TEST_DONE]     1
[UVM/RELNOTES]     1
[UVMTOP]     1

$finish called from file "/tools/synopsys/vcs/W-2024.09-SP1/etc/uvm-1.2/base/uvm_root.svh", line 527.
$finish at simulation time                   96
           V C S   S i m u l a t i o n   R e p o r t 
Time: 96
CPU Time:      0.140 seconds;       Data structure size:   0.2Mb
Fri May 16 09:44:33 2025
